[2024-08-15 22:32:55] [ INFO ] [BD:41] Estamos creando la tabla odontologos
[2024-08-15 22:32:55] [ INFO ] [BD:44] Estamos insertando un odontologo en la tabla odontologos
[2024-08-15 21:12:02] [ INFO ] [BD:41] Estamos creando la tabla odontologos
[2024-08-15 21:12:02] [ INFO ] [BD:44] Estamos insertando un odontologo en la tabla odontologos
[2024-08-15 21:07:00] [ INFO ] [BD:43] Estamos creando la tabla pacientes
[2024-08-15 21:07:00] [ INFO ] [BD:45] Estamos creando la tabla odontologos
[2024-08-15 21:07:00] [ INFO ] [BD:48] Estamos insertando un odontologo en la tabla odontologos
[2024-08-15 21:07:00] [ INFO ] [BD:50] Estamos insertando un paciente en la tabla pacientes
[2024-08-15 21:25:48] [ INFO ] [BD:45] Estamos creando la tabla pacientes
[2024-08-15 21:25:48] [ INFO ] [BD:47] Estamos creando la tabla odontologos
[2024-08-15 21:25:48] [ INFO ] [BD:50] Estamos insertando un odontologo en la tabla odontologos
[2024-08-15 21:25:48] [ INFO ] [BD:53] Estamos insertando un paciente en la tabla pacientes
[2024-08-15 21:27:19] [ INFO ] [BD:45] Estamos creando la tabla pacientes
[2024-08-15 21:27:19] [ INFO ] [BD:47] Estamos creando la tabla odontologos
[2024-08-15 21:27:19] [ INFO ] [BD:50] Estamos insertando un odontologo en la tabla odontologos
[2024-08-15 21:27:19] [ INFO ] [BD:53] Estamos insertando un paciente en la tabla pacientes
[2024-08-15 21:28:43] [ INFO ] [BD:45] Estamos creando la tabla pacientes
[2024-08-15 21:28:43] [ INFO ] [BD:47] Estamos creando la tabla odontologos
[2024-08-15 21:28:43] [ INFO ] [BD:50] Estamos insertando un odontologo en la tabla odontologos
[2024-08-15 21:28:43] [ INFO ] [BD:53] Estamos insertando un paciente en la tabla pacientes
[2024-08-15 21:29:53] [ INFO ] [BD:45] Estamos creando la tabla pacientes
[2024-08-15 21:29:53] [ INFO ] [BD:47] Estamos creando la tabla odontologos
[2024-08-15 21:29:53] [ INFO ] [BD:50] Estamos insertando un odontologo en la tabla odontologos
[2024-08-15 21:29:53] [ INFO ] [BD:53] Estamos insertando un paciente en la tabla pacientes
[2024-08-15 21:31:24] [ INFO ] [BD:45] Estamos creando la tabla pacientes
[2024-08-15 21:31:24] [ INFO ] [BD:47] Estamos creando la tabla odontologos
[2024-08-15 21:31:24] [ INFO ] [BD:50] Estamos insertando un odontologo en la tabla odontologos
[2024-08-15 21:31:24] [ INFO ] [BD:52] Estamos insertando otro odontologo en la tabla odontologos
[2024-08-15 21:31:24] [ INFO ] [BD:54] Estamos insertando un paciente en la tabla pacientes
[2024-08-15 21:32:38] [ INFO ] [BD:45] Estamos creando la tabla pacientes
[2024-08-15 21:32:39] [ INFO ] [BD:47] Estamos creando la tabla odontologos
[2024-08-15 21:32:39] [ INFO ] [BD:50] Estamos insertando un odontologo en la tabla odontologos
[2024-08-15 21:32:39] [ INFO ] [BD:52] Estamos insertando otro odontologo en la tabla odontologos
[2024-08-15 21:32:39] [ INFO ] [BD:54] Estamos insertando un paciente en la tabla pacientes
[2024-08-15 21:33:40] [ INFO ] [BD:45] Estamos creando la tabla pacientes
[2024-08-15 21:33:40] [ INFO ] [BD:47] Estamos creando la tabla odontologos
[2024-08-15 21:33:40] [ INFO ] [BD:50] Estamos insertando un odontologo en la tabla odontologos
[2024-08-15 21:33:40] [ INFO ] [BD:52] Estamos insertando otro odontologo en la tabla odontologos
[2024-08-15 21:33:40] [ INFO ] [BD:54] Estamos insertando un paciente en la tabla pacientes
[2024-08-15 21:34:12] [ INFO ] [BD:45] Estamos creando la tabla pacientes
[2024-08-15 21:34:12] [ INFO ] [BD:47] Estamos creando la tabla odontologos
[2024-08-15 21:34:12] [ INFO ] [BD:50] Estamos insertando un odontologo en la tabla odontologos
[2024-08-15 21:34:12] [ INFO ] [BD:52] Estamos insertando otro odontologo en la tabla odontologos
[2024-08-15 21:34:12] [ INFO ] [BD:54] Estamos insertando un paciente en la tabla pacientes
[2024-08-15 21:34:59] [ INFO ] [BD:45] Estamos creando la tabla pacientes
[2024-08-15 21:34:59] [ INFO ] [BD:47] Estamos creando la tabla odontologos
[2024-08-15 21:34:59] [ INFO ] [BD:50] Estamos insertando un odontologo en la tabla odontologos
[2024-08-15 21:34:59] [ INFO ] [BD:52] Estamos insertando otro odontologo en la tabla odontologos
[2024-08-15 21:34:59] [ INFO ] [BD:54] Estamos insertando un paciente en la tabla pacientes
[2024-08-15 21:36:18] [ INFO ] [BD:45] Estamos creando la tabla pacientes
[2024-08-15 21:36:18] [ INFO ] [BD:47] Estamos creando la tabla odontologos
[2024-08-15 21:36:18] [ INFO ] [BD:50] Estamos insertando un odontologo en la tabla odontologos
[2024-08-15 21:36:18] [ INFO ] [BD:52] Estamos insertando otro odontologo en la tabla odontologos
[2024-08-15 21:36:18] [ INFO ] [BD:54] Estamos insertando un paciente en la tabla pacientes
